{"total": {"lines":{"total":58,"covered":55,"skipped":0,"pct":94.82},"statements":{"total":58,"covered":55,"skipped":0,"pct":94.82},"functions":{"total":9,"covered":9,"skipped":0,"pct":100},"branches":{"total":28,"covered":24,"skipped":0,"pct":85.71},"branchesTrue":{"total":0,"covered":0,"skipped":0,"pct":"Unknown"}}
,"/home/runner/work/SparkEngineWebEditor/SparkEngineWebEditor/scripts/react-doctor-report-formatter.js": {"lines":{"total":58,"covered":55,"skipped":0,"pct":94.82},"functions":{"total":9,"covered":9,"skipped":0,"pct":100},"statements":{"total":58,"covered":55,"skipped":0,"pct":94.82},"branches":{"total":28,"covered":24,"skipped":0,"pct":85.71}}
}
