{"/home/runner/work/SparkEngineWebEditor/SparkEngineWebEditor/scripts/react-doctor-report-formatter.js": {"path":"/home/runner/work/SparkEngineWebEditor/SparkEngineWebEditor/scripts/react-doctor-report-formatter.js","statementMap":{"0":{"start":{"line":2,"column":4},"end":{"line":2,"column":50}},"1":{"start":{"line":6,"column":4},"end":{"line":6,"column":45}},"2":{"start":{"line":10,"column":4},"end":{"line":10,"column":62}},"3":{"start":{"line":14,"column":4},"end":{"line":14,"column":45}},"4":{"start":{"line":18,"column":25},"end":{"line":18,"column":122}},"5":{"start":{"line":20,"column":4},"end":{"line":26,"column":5}},"6":{"start":{"line":21,"column":8},"end":{"line":25,"column":10}},"7":{"start":{"line":28,"column":4},"end":{"line":32,"column":6}},"8":{"start":{"line":36,"column":18},"end":{"line":36,"column":50}},"9":{"start":{"line":37,"column":21},"end":{"line":37,"column":23}},"10":{"start":{"line":38,"column":25},"end":{"line":38,"column":29}},"11":{"start":{"line":40,"column":4},"end":{"line":73,"column":5}},"12":{"start":{"line":41,"column":28},"end":{"line":41,"column":60}},"13":{"start":{"line":43,"column":8},"end":{"line":60,"column":9}},"14":{"start":{"line":44,"column":27},"end":{"line":44,"column":41}},"15":{"start":{"line":45,"column":29},"end":{"line":45,"column":65}},"16":{"start":{"line":46,"column":26},"end":{"line":46,"column":47}},"17":{"start":{"line":47,"column":24},"end":{"line":47,"column":25}},"18":{"start":{"line":49,"column":31},"end":{"line":49,"column":61}},"19":{"start":{"line":50,"column":12},"end":{"line":53,"column":13}},"20":{"start":{"line":51,"column":16},"end":{"line":51,"column":46}},"21":{"start":{"line":52,"column":16},"end":{"line":52,"column":68}},"22":{"start":{"line":55,"column":12},"end":{"line":55,"column":77}},"23":{"start":{"line":57,"column":12},"end":{"line":57,"column":69}},"24":{"start":{"line":58,"column":12},"end":{"line":58,"column":42}},"25":{"start":{"line":59,"column":12},"end":{"line":59,"column":21}},"26":{"start":{"line":62,"column":8},"end":{"line":64,"column":9}},"27":{"start":{"line":63,"column":12},"end":{"line":63,"column":21}},"28":{"start":{"line":66,"column":26},"end":{"line":66,"column":90}},"29":{"start":{"line":67,"column":8},"end":{"line":72,"column":9}},"30":{"start":{"line":68,"column":12},"end":{"line":71,"column":15}},"31":{"start":{"line":75,"column":4},"end":{"line":75,"column":20}},"32":{"start":{"line":79,"column":4},"end":{"line":81,"column":5}},"33":{"start":{"line":80,"column":8},"end":{"line":80,"column":20}},"34":{"start":{"line":83,"column":4},"end":{"line":83,"column":92}},"35":{"start":{"line":87,"column":17},"end":{"line":87,"column":19}},"36":{"start":{"line":89,"column":4},"end":{"line":110,"column":5}},"37":{"start":{"line":90,"column":8},"end":{"line":99,"column":9}},"38":{"start":{"line":91,"column":12},"end":{"line":97,"column":15}},"39":{"start":{"line":98,"column":12},"end":{"line":98,"column":21}},"40":{"start":{"line":101,"column":8},"end":{"line":109,"column":9}},"41":{"start":{"line":102,"column":12},"end":{"line":108,"column":15}},"42":{"start":{"line":112,"column":4},"end":{"line":112,"column":16}},"43":{"start":{"line":122,"column":20},"end":{"line":122,"column":43}},"44":{"start":{"line":123,"column":21},"end":{"line":123,"column":45}},"45":{"start":{"line":124,"column":17},"end":{"line":124,"column":38}},"46":{"start":{"line":125,"column":19},"end":{"line":125,"column":71}},"47":{"start":{"line":126,"column":24},"end":{"line":143,"column":5}},"48":{"start":{"line":145,"column":4},"end":{"line":148,"column":5}},"49":{"start":{"line":146,"column":8},"end":{"line":146,"column":50}},"50":{"start":{"line":147,"column":8},"end":{"line":147,"column":45}},"51":{"start":{"line":150,"column":4},"end":{"line":150,"column":69}},"52":{"start":{"line":151,"column":4},"end":{"line":151,"column":56}},"53":{"start":{"line":153,"column":4},"end":{"line":161,"column":5}},"54":{"start":{"line":154,"column":25},"end":{"line":156,"column":70}},"55":{"start":{"line":158,"column":8},"end":{"line":160,"column":10}},"56":{"start":{"line":163,"column":4},"end":{"line":163,"column":41}},"57":{"start":{"line":166,"column":0},"end":{"line":168,"column":2}}},"fnMap":{"0":{"name":"stripAnsi","decl":{"start":{"line":1,"column":9},"end":{"line":1,"column":18}},"loc":{"start":{"line":1,"column":26},"end":{"line":3,"column":1}},"line":1},"1":{"name":"normalizeSpaces","decl":{"start":{"line":5,"column":9},"end":{"line":5,"column":24}},"loc":{"start":{"line":5,"column":32},"end":{"line":7,"column":1}},"line":5},"2":{"name":"escapeTable","decl":{"start":{"line":9,"column":9},"end":{"line":9,"column":20}},"loc":{"start":{"line":9,"column":28},"end":{"line":11,"column":1}},"line":9},"3":{"name":"normalizePath","decl":{"start":{"line":13,"column":9},"end":{"line":13,"column":22}},"loc":{"start":{"line":13,"column":30},"end":{"line":15,"column":1}},"line":13},"4":{"name":"parseSummary","decl":{"start":{"line":17,"column":9},"end":{"line":17,"column":21}},"loc":{"start":{"line":17,"column":33},"end":{"line":33,"column":1}},"line":17},"5":{"name":"parseFindings","decl":{"start":{"line":35,"column":9},"end":{"line":35,"column":22}},"loc":{"start":{"line":35,"column":34},"end":{"line":76,"column":1}},"line":35},"6":{"name":"buildFileLink","decl":{"start":{"line":78,"column":9},"end":{"line":78,"column":22}},"loc":{"start":{"line":78,"column":58},"end":{"line":84,"column":1}},"line":78},"7":{"name":"flattenRows","decl":{"start":{"line":86,"column":9},"end":{"line":86,"column":20}},"loc":{"start":{"line":86,"column":31},"end":{"line":113,"column":1}},"line":86},"8":{"name":"buildReactDoctorMarkdownReport","decl":{"start":{"line":115,"column":9},"end":{"line":115,"column":39}},"loc":{"start":{"line":121,"column":3},"end":{"line":164,"column":1}},"line":121}},"branchMap":{"0":{"loc":{"start":{"line":20,"column":4},"end":{"line":26,"column":5}},"type":"if","locations":[{"start":{"line":20,"column":4},"end":{"line":26,"column":5}},{"start":{},"end":{}}],"line":20},"1":{"loc":{"start":{"line":43,"column":8},"end":{"line":60,"column":9}},"type":"if","locations":[{"start":{"line":43,"column":8},"end":{"line":60,"column":9}},{"start":{},"end":{}}],"line":43},"2":{"loc":{"start":{"line":45,"column":29},"end":{"line":45,"column":65}},"type":"cond-expr","locations":[{"start":{"line":45,"column":46},"end":{"line":45,"column":53}},{"start":{"line":45,"column":56},"end":{"line":45,"column":65}}],"line":45},"3":{"loc":{"start":{"line":50,"column":12},"end":{"line":53,"column":13}},"type":"if","locations":[{"start":{"line":50,"column":12},"end":{"line":53,"column":13}},{"start":{},"end":{}}],"line":50},"4":{"loc":{"start":{"line":55,"column":38},"end":{"line":55,"column":75}},"type":"binary-expr","locations":[{"start":{"line":55,"column":38},"end":{"line":55,"column":64}},{"start":{"line":55,"column":68},"end":{"line":55,"column":75}}],"line":55},"5":{"loc":{"start":{"line":62,"column":8},"end":{"line":64,"column":9}},"type":"if","locations":[{"start":{"line":62,"column":8},"end":{"line":64,"column":9}},{"start":{},"end":{}}],"line":62},"6":{"loc":{"start":{"line":67,"column":8},"end":{"line":72,"column":9}},"type":"if","locations":[{"start":{"line":67,"column":8},"end":{"line":72,"column":9}},{"start":{},"end":{}}],"line":67},"7":{"loc":{"start":{"line":79,"column":4},"end":{"line":81,"column":5}},"type":"if","locations":[{"start":{"line":79,"column":4},"end":{"line":81,"column":5}},{"start":{},"end":{}}],"line":79},"8":{"loc":{"start":{"line":79,"column":8},"end":{"line":79,"column":33}},"type":"binary-expr","locations":[{"start":{"line":79,"column":8},"end":{"line":79,"column":19}},{"start":{"line":79,"column":23},"end":{"line":79,"column":33}}],"line":79},"9":{"loc":{"start":{"line":90,"column":8},"end":{"line":99,"column":9}},"type":"if","locations":[{"start":{"line":90,"column":8},"end":{"line":99,"column":9}},{"start":{},"end":{}}],"line":90},"10":{"loc":{"start":{"line":119,"column":4},"end":{"line":119,"column":19}},"type":"default-arg","locations":[{"start":{"line":119,"column":17},"end":{"line":119,"column":19}}],"line":119},"11":{"loc":{"start":{"line":120,"column":4},"end":{"line":120,"column":18}},"type":"default-arg","locations":[{"start":{"line":120,"column":16},"end":{"line":120,"column":18}}],"line":120},"12":{"loc":{"start":{"line":125,"column":19},"end":{"line":125,"column":71}},"type":"cond-expr","locations":[{"start":{"line":125,"column":40},"end":{"line":125,"column":48}},{"start":{"line":125,"column":51},"end":{"line":125,"column":71}}],"line":125},"13":{"loc":{"start":{"line":145,"column":4},"end":{"line":148,"column":5}},"type":"if","locations":[{"start":{"line":145,"column":4},"end":{"line":148,"column":5}},{"start":{},"end":{}}],"line":145},"14":{"loc":{"start":{"line":154,"column":25},"end":{"line":156,"column":70}},"type":"cond-expr","locations":[{"start":{"line":155,"column":14},"end":{"line":155,"column":17}},{"start":{"line":156,"column":14},"end":{"line":156,"column":70}}],"line":154}},"s":{"0":4,"1":4,"2":14,"3":7,"4":4,"5":4,"6":0,"7":4,"8":4,"9":4,"10":4,"11":4,"12":31,"13":31,"14":4,"15":4,"16":4,"17":4,"18":4,"19":4,"20":3,"21":3,"22":4,"23":4,"24":4,"25":4,"26":27,"27":10,"28":17,"29":17,"30":7,"31":4,"32":7,"33":4,"34":3,"35":4,"36":4,"37":4,"38":0,"39":0,"40":4,"41":7,"42":4,"43":4,"44":4,"45":4,"46":4,"47":4,"48":4,"49":1,"50":1,"51":3,"52":3,"53":3,"54":7,"55":7,"56":3,"57":1},"f":{"0":4,"1":4,"2":14,"3":7,"4":4,"5":4,"6":7,"7":4,"8":4},"b":{"0":[0,4],"1":[4,27],"2":[1,3],"3":[3,1],"4":[4,0],"5":[10,17],"6":[7,10],"7":[4,3],"8":[7,3],"9":[0,4],"10":[3],"11":[3],"12":[3,1],"13":[1,3],"14":[0,7]},"inputSourceMap":null,"_coverageSchema":"1a1c01bbd47fc00a2c39e90264f33305004495a9","hash":"ac74c24d4f979c743f126b1fb16c1464107a8d1a"}
}
